c:\users\bartosz sobieski\desktop\projekt sklepy\sklepy\sklepy\x64\debug\sklepy.pch
c:\users\bartosz sobieski\desktop\projekt sklepy\sklepy\sklepy\x64\debug\vc141.pdb
c:\users\bartosz sobieski\desktop\projekt sklepy\sklepy\sklepy\x64\debug\vc141.idb
c:\users\bartosz sobieski\desktop\projekt sklepy\sklepy\sklepy\x64\debug\pch.obj
c:\users\bartosz sobieski\desktop\projekt sklepy\sklepy\sklepy\x64\debug\zamowienie.obj
c:\users\bartosz sobieski\desktop\projekt sklepy\sklepy\sklepy\x64\debug\stan.obj
c:\users\bartosz sobieski\desktop\projekt sklepy\sklepy\sklepy\x64\debug\sprzedaz.obj
c:\users\bartosz sobieski\desktop\projekt sklepy\sklepy\sklepy\x64\debug\siec.obj
c:\users\bartosz sobieski\desktop\projekt sklepy\sklepy\sklepy\x64\debug\sklep.obj
c:\users\bartosz sobieski\desktop\projekt sklepy\sklepy\sklepy\x64\debug\produkt.obj
c:\users\bartosz sobieski\desktop\projekt sklepy\sklepy\sklepy\x64\debug\paragon.obj
c:\users\bartosz sobieski\desktop\projekt sklepy\sklepy\sklepy\x64\debug\magazyn.obj
c:\users\bartosz sobieski\desktop\projekt sklepy\sklepy\x64\debug\sklepy.ilk
c:\users\bartosz sobieski\desktop\projekt sklepy\sklepy\x64\debug\sklepy.exe
c:\users\bartosz sobieski\desktop\projekt sklepy\sklepy\x64\debug\sklepy.pdb
c:\users\bartosz sobieski\desktop\projekt sklepy\sklepy\sklepy\x64\debug\sklepy.tlog\cl.command.1.tlog
c:\users\bartosz sobieski\desktop\projekt sklepy\sklepy\sklepy\x64\debug\sklepy.tlog\cl.read.1.tlog
c:\users\bartosz sobieski\desktop\projekt sklepy\sklepy\sklepy\x64\debug\sklepy.tlog\cl.write.1.tlog
c:\users\bartosz sobieski\desktop\projekt sklepy\sklepy\sklepy\x64\debug\sklepy.tlog\link.command.1.tlog
c:\users\bartosz sobieski\desktop\projekt sklepy\sklepy\sklepy\x64\debug\sklepy.tlog\link.read.1.tlog
c:\users\bartosz sobieski\desktop\projekt sklepy\sklepy\sklepy\x64\debug\sklepy.tlog\link.write.1.tlog
